<?xml version="1.0" encoding="UTF-8"?>
<robot generator="Robot 5.0.1 (Python 3.10.5 on win32)" generated="20220729 11:58:15.516" rpa="false" schemaversion="3">
<suite id="s1" name="Tests" source="C:\Users\usuário\Desktop\CursoDeRobot\Tests">
<suite id="s1-s1" name="Estrutura" source="C:\Users\usuário\Desktop\CursoDeRobot\Tests\estrutura.robot">
<test id="s1-s1-t1" name="Cenário 1: Teste de abrir e fechar site Google." line="17">
<kw name="abrir site do google">
<kw name="Open Browser" library="SeleniumLibrary">
<arg>https://www.google.com.br</arg>
<arg>chrome</arg>
<doc>Opens a new browser instance to the optional ``url``.</doc>
<msg timestamp="20220729 11:58:18.464" level="INFO">Opening browser 'chrome' to base url 'https://www.google.com.br'.</msg>
<status status="PASS" starttime="20220729 11:58:18.463" endtime="20220729 11:58:40.056"/>
</kw>
<status status="PASS" starttime="20220729 11:58:18.462" endtime="20220729 11:58:40.057"/>
</kw>
<kw name="fechar navegador">
<kw name="Close Browser" library="SeleniumLibrary">
<doc>Closes the current browser.</doc>
<status status="PASS" starttime="20220729 11:58:40.058" endtime="20220729 11:58:42.774"/>
</kw>
<status status="PASS" starttime="20220729 11:58:40.058" endtime="20220729 11:58:42.775"/>
</kw>
<tag>regressivo</tag>
<status status="PASS" starttime="20220729 11:58:18.460" endtime="20220729 11:58:42.775"/>
</test>
<status status="PASS" starttime="20220729 11:58:16.296" endtime="20220729 11:58:42.778"/>
</suite>
<status status="PASS" starttime="20220729 11:58:15.521" endtime="20220729 11:58:42.824"/>
</suite>
<statistics>
<total>
<stat pass="1" fail="0" skip="0">All Tests</stat>
</total>
<tag>
<stat pass="1" fail="0" skip="0">regressivo</stat>
</tag>
<suite>
<stat pass="1" fail="0" skip="0" id="s1" name="Tests">Tests</stat>
<stat pass="1" fail="0" skip="0" id="s1-s1" name="Estrutura">Tests.Estrutura</stat>
</suite>
</statistics>
<errors>
</errors>
</robot>
