<?xml version="1.0" encoding="UTF-8"?>
<robot generator="Robot 5.0.1 (Python 3.10.5 on win32)" generated="20220727 18:04:11.430" rpa="false" schemaversion="3">
<suite id="s1" name="Modelo" source="C:\Users\usuário\Desktop\Curso de Robot\modelo.robot">
<test id="s1-t1" name="Cenário 1: Acessando o site do Robot" line="12">
<kw name="Abrir Site">
<kw name="Open Browser" library="SeleniumLibrary">
<arg>https://robotframework.org/</arg>
<arg>chrome</arg>
<doc>Opens a new browser instance to the optional ``url``.</doc>
<msg timestamp="20220727 18:04:12.947" level="INFO">Opening browser 'chrome' to base url 'https://robotframework.org/'.</msg>
<status status="PASS" starttime="20220727 18:04:12.947" endtime="20220727 18:04:57.675"/>
</kw>
<status status="PASS" starttime="20220727 18:04:12.947" endtime="20220727 18:04:57.675"/>
</kw>
<status status="PASS" starttime="20220727 18:04:12.945" endtime="20220727 18:04:57.678"/>
</test>
<status status="PASS" starttime="20220727 18:04:11.434" endtime="20220727 18:04:57.682"/>
</suite>
<statistics>
<total>
<stat pass="1" fail="0" skip="0">All Tests</stat>
</total>
<tag>
</tag>
<suite>
<stat pass="1" fail="0" skip="0" id="s1" name="Modelo">Modelo</stat>
</suite>
</statistics>
<errors>
</errors>
</robot>
