<?xml version="1.0" encoding="UTF-8"?>
<robot generator="Robot 5.0.1 (Python 3.10.5 on win32)" generated="20220728 11:47:23.183" rpa="false" schemaversion="3">
<suite id="s1" name="Form" source="C:\Users\usuário\Desktop\CursoDeRobot\Aula-3\form.robot">
<test id="s1-t1" name="Cenário 1: Preencher formulario" line="31">
<kw name="abrir navegador e acessar site">
<kw name="Open Browser" library="SeleniumLibrary">
<arg>https://itera-qa.azurewebsites.net/home/automation</arg>
<arg>chrome</arg>
<doc>Opens a new browser instance to the optional ``url``.</doc>
<msg timestamp="20220728 11:47:23.675" level="INFO">Opening browser 'chrome' to base url 'https://itera-qa.azurewebsites.net/home/automation'.</msg>
<status status="PASS" starttime="20220728 11:47:23.675" endtime="20220728 11:47:50.770"/>
</kw>
<status status="PASS" starttime="20220728 11:47:23.674" endtime="20220728 11:47:50.771"/>
</kw>
<kw name="preencher campos">
<kw name="Wait Until Element Is Enabled" library="SeleniumLibrary">
<arg>${input_name}</arg>
<arg>timeout=15</arg>
<doc>Waits until the element ``locator`` is enabled.</doc>
<status status="PASS" starttime="20220728 11:47:50.773" endtime="20220728 11:47:51.501"/>
</kw>
<kw name="Input Text" library="SeleniumLibrary">
<arg>${input_name}</arg>
<arg>Bianca</arg>
<doc>Types the given ``text`` into the text field identified by ``locator``.</doc>
<msg timestamp="20220728 11:47:51.502" level="INFO">Typing text 'Bianca' into text field '//input[@id="name"]'.</msg>
<status status="PASS" starttime="20220728 11:47:51.502" endtime="20220728 11:47:51.883"/>
</kw>
<kw name="Input Text" library="SeleniumLibrary">
<arg>${input_phone}</arg>
<arg>988774455</arg>
<doc>Types the given ``text`` into the text field identified by ``locator``.</doc>
<msg timestamp="20220728 11:47:51.884" level="INFO">Typing text '988774455' into text field '//input[@id="phone"]'.</msg>
<status status="PASS" starttime="20220728 11:47:51.883" endtime="20220728 11:47:52.024"/>
</kw>
<kw name="Input Text" library="SeleniumLibrary">
<arg>${input_email}</arg>
<arg>abcdario@teste.com</arg>
<doc>Types the given ``text`` into the text field identified by ``locator``.</doc>
<msg timestamp="20220728 11:47:52.025" level="INFO">Typing text 'abcdario@teste.com' into text field '//input[@id="email"]'.</msg>
<status status="PASS" starttime="20220728 11:47:52.024" endtime="20220728 11:47:52.185"/>
</kw>
<kw name="Input Text" library="SeleniumLibrary">
<arg>${input_password}</arg>
<arg>123456789Aa</arg>
<doc>Types the given ``text`` into the text field identified by ``locator``.</doc>
<msg timestamp="20220728 11:47:52.186" level="INFO">Typing text '123456789Aa' into text field '//input[@id="password"]'.</msg>
<status status="PASS" starttime="20220728 11:47:52.186" endtime="20220728 11:47:52.365"/>
</kw>
<kw name="Input Text" library="SeleniumLibrary">
<arg>${textarea_address}</arg>
<arg>xxxxxxxxxxxxxxxxxxxxxxxxxxxxxxxxxxxxxxxxxxxxx</arg>
<doc>Types the given ``text`` into the text field identified by ``locator``.</doc>
<msg timestamp="20220728 11:47:52.365" level="INFO">Typing text 'xxxxxxxxxxxxxxxxxxxxxxxxxxxxxxxxxxxxxxxxxxxxx' into text field '//textarea[@id="address"]'.</msg>
<status status="PASS" starttime="20220728 11:47:52.365" endtime="20220728 11:47:52.571"/>
</kw>
<status status="PASS" starttime="20220728 11:47:50.772" endtime="20220728 11:47:52.571"/>
</kw>
<kw name="clicar em Submit">
<kw name="Click Element" library="SeleniumLibrary">
<arg>${button_submit}</arg>
<doc>Click the element identified by ``locator``.</doc>
<msg timestamp="20220728 11:47:52.572" level="INFO">Clicking element '//button[@name="submit"]'.</msg>
<status status="PASS" starttime="20220728 11:47:52.572" endtime="20220728 11:47:53.157"/>
</kw>
<status status="PASS" starttime="20220728 11:47:52.571" endtime="20220728 11:47:53.157"/>
</kw>
<kw name="fechar navegador">
<kw name="Close Browser" library="SeleniumLibrary">
<doc>Closes the current browser.</doc>
<status status="PASS" starttime="20220728 11:47:53.159" endtime="20220728 11:47:56.893"/>
</kw>
<status status="PASS" starttime="20220728 11:47:53.158" endtime="20220728 11:47:56.893"/>
</kw>
<status status="PASS" starttime="20220728 11:47:23.673" endtime="20220728 11:47:56.894"/>
</test>
<status status="PASS" starttime="20220728 11:47:23.188" endtime="20220728 11:47:56.897"/>
</suite>
<statistics>
<total>
<stat pass="1" fail="0" skip="0">All Tests</stat>
</total>
<tag>
</tag>
<suite>
<stat pass="1" fail="0" skip="0" id="s1" name="Form">Form</stat>
</suite>
</statistics>
<errors>
</errors>
</robot>
